Flow report for LCD_Controller
Sat Oct 06 22:16:28 2018
Quartus Prime Version 18.1.0 Build 625 09/12/2018 SJ Lite Edition


---------------------
; Table of Contents ;
---------------------
  1. Legal Notice
  2. Flow Summary
  3. Flow Settings
  4. Flow Non-Default Global Settings
  5. Flow Elapsed Time
  6. Flow OS Summary
  7. Flow Log
  8. Flow Messages
  9. Flow Suppressed Messages



----------------
; Legal Notice ;
----------------
Copyright (C) 2018  Intel Corporation. All rights reserved.
Your use of Intel Corporation's design tools, logic functions 
and other software and tools, and its AMPP partner logic 
functions, and any output files from any of the foregoing 
(including device programming or simulation files), and any 
associated documentation or information are expressly subject 
to the terms and conditions of the Intel Program License 
Subscription Agreement, the Intel Quartus Prime License Agreement,
the Intel FPGA IP License Agreement, or other applicable license
agreement, including, without limitation, that your use is for
the sole purpose of programming logic devices manufactured by
Intel and sold by Intel or its authorized distributors.  Please
refer to the applicable agreement for further details.



+----------------------------------------------------------------------------------+
; Flow Summary                                                                     ;
+------------------------------------+---------------------------------------------+
; Flow Status                        ; Successful - Sat Oct 06 22:16:24 2018       ;
; Quartus Prime Version              ; 18.1.0 Build 625 09/12/2018 SJ Lite Edition ;
; Revision Name                      ; LCD_Controller                              ;
; Top-level Entity Name              ; Main                                        ;
; Family                             ; Cyclone IV E                                ;
; Device                             ; EP4CE30F23C7                                ;
; Timing Models                      ; Final                                       ;
; Total logic elements               ; 1,499 / 28,848 ( 5 % )                      ;
;     Total combinational functions  ; 1,422 / 28,848 ( 5 % )                      ;
;     Dedicated logic registers      ; 786 / 28,848 ( 3 % )                        ;
; Total registers                    ; 786                                         ;
; Total pins                         ; 16 / 329 ( 5 % )                            ;
; Total virtual pins                 ; 0                                           ;
; Total memory bits                  ; 331,008 / 608,256 ( 54 % )                  ;
; Embedded Multiplier 9-bit elements ; 0 / 132 ( 0 % )                             ;
; Total PLLs                         ; 0 / 4 ( 0 % )                               ;
+------------------------------------+---------------------------------------------+


+-----------------------------------------+
; Flow Settings                           ;
+-------------------+---------------------+
; Option            ; Setting             ;
+-------------------+---------------------+
; Start date & time ; 10/06/2018 22:15:43 ;
; Main task         ; Compilation         ;
; Revision Name     ; LCD_Controller      ;
+-------------------+---------------------+


+------------------------------------------------------------------------------------------------------------------------------------------+
; Flow Non-Default Global Settings                                                                                                         ;
+-------------------------------------+--------------------------------------------------------+----------------+-------------+------------+
; Assignment Name                     ; Value                                                  ; Default Value  ; Entity Name ; Section Id ;
+-------------------------------------+--------------------------------------------------------+----------------+-------------+------------+
; COMPILER_SIGNATURE_ID               ; 150461128219089.153887494302896                        ; --             ; --          ; --         ;
; MAX_CORE_JUNCTION_TEMP              ; 85                                                     ; --             ; --          ; --         ;
; MIN_CORE_JUNCTION_TEMP              ; 0                                                      ; --             ; --          ; --         ;
; MISC_FILE                           ; Main/simulation/../../Main.qsys                        ; --             ; --          ; --         ;
; MISC_FILE                           ; Main/simulation/Main.v                                 ; --             ; --          ; --         ;
; MISC_FILE                           ; Main/synthesis/../Main.cmp                             ; --             ; --          ; --         ;
; MISC_FILE                           ; Main/synthesis/../../Main.qsys                         ; --             ; --          ; --         ;
; PARTITION_COLOR                     ; -- (Not supported for targeted family)                 ; --             ; Main        ; Top        ;
; PARTITION_FITTER_PRESERVATION_LEVEL ; -- (Not supported for targeted family)                 ; --             ; Main        ; Top        ;
; PARTITION_NETLIST_TYPE              ; -- (Not supported for targeted family)                 ; --             ; Main        ; Top        ;
; POWER_BOARD_THERMAL_MODEL           ; None (CONSERVATIVE)                                    ; --             ; --          ; --         ;
; POWER_PRESET_COOLING_SOLUTION       ; 23 MM HEAT SINK WITH 200 LFPM AIRFLOW                  ; --             ; --          ; --         ;
; PROJECT_OUTPUT_DIRECTORY            ; output_files                                           ; --             ; --          ; --         ;
; SLD_FILE                            ; Main/synthesis/Main.regmap                             ; --             ; --          ; --         ;
; SLD_FILE                            ; Main/synthesis/Main.debuginfo                          ; --             ; --          ; --         ;
; SLD_INFO                            ; QSYS_NAME Main HAS_SOPCINFO 1 GENERATION_ID 1538874560 ; --             ; Main        ; --         ;
; SOPCINFO_FILE                       ; Main/synthesis/../../Main.sopcinfo                     ; --             ; --          ; --         ;
; SPD_FILE                            ; Main/simulation/../Main.spd                            ; --             ; --          ; --         ;
; SYNTHESIS_ONLY_QIP                  ; On                                                     ; --             ; --          ; --         ;
; TOP_LEVEL_ENTITY                    ; Main                                                   ; LCD_Controller ; --          ; --         ;
+-------------------------------------+--------------------------------------------------------+----------------+-------------+------------+


+--------------------------------------------------------------------------------------------------------------------------+
; Flow Elapsed Time                                                                                                        ;
+----------------------+--------------+-------------------------+---------------------+------------------------------------+
; Module Name          ; Elapsed Time ; Average Processors Used ; Peak Virtual Memory ; Total CPU Time (on all processors) ;
+----------------------+--------------+-------------------------+---------------------+------------------------------------+
; Analysis & Synthesis ; 00:00:25     ; 1.0                     ; 4890 MB             ; 00:00:43                           ;
; Fitter               ; 00:00:08     ; 1.1                     ; 5593 MB             ; 00:00:11                           ;
; Assembler            ; 00:00:02     ; 1.0                     ; 4705 MB             ; 00:00:02                           ;
; Timing Analyzer      ; 00:00:02     ; 1.2                     ; 4831 MB             ; 00:00:02                           ;
; Total                ; 00:00:37     ; --                      ; --                  ; 00:00:58                           ;
+----------------------+--------------+-------------------------+---------------------+------------------------------------+


+------------------------------------------------------------------------------------+
; Flow OS Summary                                                                    ;
+----------------------+------------------+------------+------------+----------------+
; Module Name          ; Machine Hostname ; OS Name    ; OS Version ; Processor type ;
+----------------------+------------------+------------+------------+----------------+
; Analysis & Synthesis ; DESKTOP-U26BJ62  ; Windows 10 ; 10.0       ; x86_64         ;
; Fitter               ; DESKTOP-U26BJ62  ; Windows 10 ; 10.0       ; x86_64         ;
; Assembler            ; DESKTOP-U26BJ62  ; Windows 10 ; 10.0       ; x86_64         ;
; Timing Analyzer      ; DESKTOP-U26BJ62  ; Windows 10 ; 10.0       ; x86_64         ;
+----------------------+------------------+------------+------------+----------------+


------------
; Flow Log ;
------------
quartus_map --read_settings_files=on --write_settings_files=off LCD_Controller -c LCD_Controller
quartus_fit --read_settings_files=off --write_settings_files=off LCD_Controller -c LCD_Controller
quartus_asm --read_settings_files=off --write_settings_files=off LCD_Controller -c LCD_Controller
quartus_sta LCD_Controller -c LCD_Controller



